<?xml version="1.0" encoding="UTF-8"?>
<!-- Generated by org.testng.reporters.JUnitXMLReporter -->
<testsuite hostname="INDELNB626" ignored="0" name="TestNGThroughMaven" tests="6" failures="0" timestamp="15 Jul 2021 17:53:01 GMT" time="0.068" errors="0">
  <testcase name="Method1" time="0.012" classname="AutomationPractice.MavenTestProject.TestClassA"/>
  <testcase name="Method2" time="0.002" classname="AutomationPractice.MavenTestProject.TestClassA"/>
  <testcase name="Method3" time="0.002" classname="AutomationPractice.MavenTestProject.TestClassB"/>
  <testcase name="Method4" time="0.002" classname="AutomationPractice.MavenTestProject.TestClassB"/>
  <testcase name="Method5" time="0.002" classname="AutomationPractice.MavenTestProject.TestClassC"/>
  <testcase name="Method6" time="0.002" classname="AutomationPractice.MavenTestProject.TestClassC"/>
</testsuite> <!-- TestNGThroughMaven -->
