<?xml version="1.0" encoding="UTF-8"?>
<!-- Generated by org.testng.reporters.JUnitXMLReporter -->
<testsuite hostname="INDELNB626" failures="0" tests="6" name="Regression_Module" time="0.04" errors="0" timestamp="18 Jul 2021 12:42:44 GMT">
  <testcase classname="AutomationPractice.MavenTestProject.TestClassA" name="Method1" time="0.008"/>
  <testcase classname="AutomationPractice.MavenTestProject.TestClassA" name="Method2" time="0.0"/>
  <testcase classname="AutomationPractice.MavenTestProject.TestClassB" name="Method3" time="0.001"/>
  <testcase classname="AutomationPractice.MavenTestProject.TestClassB" name="Method4" time="0.0"/>
  <testcase classname="AutomationPractice.MavenTestProject.TestClassC" name="Method5" time="0.0"/>
  <testcase classname="AutomationPractice.MavenTestProject.TestClassC" name="Method6" time="0.0"/>
</testsuite> <!-- Regression_Module -->
