<?xml version="1.0" encoding="UTF-8"?>
<testng-results total="6" passed="6" failed="0" skipped="0">
  <reporter-output>
  </reporter-output>
  <suite started-at="2021-07-18T12:42:44Z" name="MavenDemo1" finished-at="2021-07-18T12:42:44Z" duration-ms="40">
    <groups>
    </groups>
    <test started-at="2021-07-18T12:42:44Z" name="Regression_Module" finished-at="2021-07-18T12:42:44Z" duration-ms="40">
      <class name="AutomationPractice.MavenTestProject.TestClassC">
        <test-method signature="Method5()[pri:0, instance:AutomationPractice.MavenTestProject.TestClassC@682b2fa]" started-at="2021-07-18T18:12:44Z" name="Method5" finished-at="2021-07-18T18:12:44Z" duration-ms="0" status="PASS">
          <reporter-output>
          </reporter-output>
        </test-method> <!-- Method5 -->
        <test-method signature="Method6()[pri:0, instance:AutomationPractice.MavenTestProject.TestClassC@682b2fa]" started-at="2021-07-18T18:12:44Z" name="Method6" finished-at="2021-07-18T18:12:44Z" duration-ms="0" status="PASS">
          <reporter-output>
          </reporter-output>
        </test-method> <!-- Method6 -->
      </class> <!-- AutomationPractice.MavenTestProject.TestClassC -->
      <class name="AutomationPractice.MavenTestProject.TestClassB">
        <test-method signature="Method3()[pri:0, instance:AutomationPractice.MavenTestProject.TestClassB@139982de]" started-at="2021-07-18T18:12:44Z" name="Method3" finished-at="2021-07-18T18:12:44Z" duration-ms="1" status="PASS">
          <reporter-output>
          </reporter-output>
        </test-method> <!-- Method3 -->
        <test-method signature="Method4()[pri:0, instance:AutomationPractice.MavenTestProject.TestClassB@139982de]" started-at="2021-07-18T18:12:44Z" name="Method4" finished-at="2021-07-18T18:12:44Z" duration-ms="0" status="PASS">
          <reporter-output>
          </reporter-output>
        </test-method> <!-- Method4 -->
      </class> <!-- AutomationPractice.MavenTestProject.TestClassB -->
      <class name="AutomationPractice.MavenTestProject.TestClassA">
        <test-method signature="Method1()[pri:0, instance:AutomationPractice.MavenTestProject.TestClassA@1573f9fc]" started-at="2021-07-18T18:12:44Z" name="Method1" finished-at="2021-07-18T18:12:44Z" duration-ms="8" status="PASS">
          <reporter-output>
          </reporter-output>
        </test-method> <!-- Method1 -->
        <test-method signature="Method2()[pri:0, instance:AutomationPractice.MavenTestProject.TestClassA@1573f9fc]" started-at="2021-07-18T18:12:44Z" name="Method2" finished-at="2021-07-18T18:12:44Z" duration-ms="0" status="PASS">
          <reporter-output>
          </reporter-output>
        </test-method> <!-- Method2 -->
      </class> <!-- AutomationPractice.MavenTestProject.TestClassA -->
    </test> <!-- Regression_Module -->
  </suite> <!-- MavenDemo1 -->
</testng-results>
